<?xml version="1.0" encoding="UTF-8"?>
<beans xmlns="http://www.springframework.org/schema/beans"
  xmlns:xsi="http://www.w3.org/2001/XMLSchema-instance"
  xmlns:integration="http://www.springframework.org/schema/integration"
  xmlns:file="http://www.springframework.org/schema/integration/file"
  xmlns:util="http://www.springframework.org/schema/util"
  xsi:schemaLocation="http://www.springframework.org/schema/beans
                      http://www.springframework.org/schema/beans/spring-beans-3.0.xsd
                      http://www.springframework.org/schema/util
                      http://www.springframework.org/schema/util/spring-util-3.0.xsd
                      http://www.springframework.org/schema/integration
                      http://www.springframework.org/schema/integration/spring-integration-2.1.xsd
                      http://www.springframework.org/schema/integration/file
                      http://www.springframework.org/schema/integration/file/spring-integration-file-2.1.xsd">                                            
    
    <!-- ******************************************************************* -->
    <!--  Properties                                                         -->
    <!-- $ echo 'jdbc.url=jdbc:oracle:thin:@dbhost:1521:devdb' >> devdb.properties
         $ echo 'jdbc.user=testuser' >> devdb.properties
         $ echo 'jdbc.password=secret' >> devdb.properties                   -->
    <!-- $ mvn -Dtest.sid=DEVDB test                                         -->                                        
    <!-- ******************************************************************* -->
    <bean id="propertyPlaceholderConfigurer" class="org.springframework.beans.factory.config.PropertyPlaceholderConfigurer">
        <property name="locations">
            <list>
                <value>src/test/resources/META-INF/spring/test.properties</value>
            </list>
        </property>
    </bean>

</beans>
