<?xml version="1.0" encoding="UTF-8"?>
<beans xmlns="http://www.springframework.org/schema/beans"
  xmlns:xsi="http://www.w3.org/2001/XMLSchema-instance"
  xmlns:integration="http://www.springframework.org/schema/integration"
  xmlns:file="http://www.springframework.org/schema/integration/file"
  xmlns:util="http://www.springframework.org/schema/util"
  xsi:schemaLocation="http://www.springframework.org/schema/beans
                      http://www.springframework.org/schema/beans/spring-beans-3.0.xsd
                      http://www.springframework.org/schema/util
                      http://www.springframework.org/schema/util/spring-util-3.0.xsd
                      http://www.springframework.org/schema/integration
                      http://www.springframework.org/schema/integration/spring-integration-2.1.xsd
                      http://www.springframework.org/schema/integration/file
                      http://www.springframework.org/schema/integration/file/spring-integration-file-2.1.xsd"> 
                              
    <!-- Used by REST client -->
    <bean id="soap.delegate" class="org.sourceforge.owsx.PayRaiseWebServiceClientImpl">
        <property name="webServiceTemplate"><ref bean="webServiceTemplate"/></property>
        <property name="credentials">
            <bean class="org.apache.http.auth.UsernamePasswordCredentials">
                <constructor-arg value="${owsx.uname}:${owsx.password}"/>
            </bean>
        </property>        
        <property name="userAgent"><value>${owsx.useragent}</value></property>
    </bean>    
    <!--bean id="messageFactory" class="org.springframework.ws.soap.axiom.AxiomSoapMessageFactory"/-->
    <bean id="messageFactory" class="org.springframework.ws.soap.saaj.SaajSoapMessageFactory"/>        
    <bean id="webServiceTemplate" class="org.springframework.ws.client.core.WebServiceTemplate">
        <constructor-arg ref="messageFactory"/>
        <property name="defaultUri" value="${owsx.protocol}://${owsx.host}:${owsx.port}/${owsx.uri}"/>
    </bean>                                                                 
    
    <!-- ******************************************************************* -->
    <!--  Properties                                                         -->
    <!-- ******************************************************************* -->
    <bean id="propertyPlaceholderConfigurer" class="org.springframework.beans.factory.config.PropertyPlaceholderConfigurer">
        <property name="locations">
            <list>
                <value>src/test/resources/META-INF/spring/test.properties</value>
            </list>
        </property>
    </bean>

</beans>
